[2025-02-20T10:16:27.324+0000] {taskinstance.py:1125} INFO - Dependencies all met for dep_context=non-requeueable deps ti=<TaskInstance: api_to_snowflake.load_data_to_snowflake scheduled__2025-02-19T10:15:52.595880+00:00 [queued]>
[2025-02-20T10:16:27.337+0000] {taskinstance.py:1125} INFO - Dependencies all met for dep_context=requeueable deps ti=<TaskInstance: api_to_snowflake.load_data_to_snowflake scheduled__2025-02-19T10:15:52.595880+00:00 [queued]>
[2025-02-20T10:16:27.338+0000] {taskinstance.py:1331} INFO - Starting attempt 1 of 2
[2025-02-20T10:16:27.358+0000] {taskinstance.py:1350} INFO - Executing <Task(PythonOperator): load_data_to_snowflake> on 2025-02-19 10:15:52.595880+00:00
[2025-02-20T10:16:27.364+0000] {standard_task_runner.py:57} INFO - Started process 69 to run task
[2025-02-20T10:16:27.369+0000] {standard_task_runner.py:84} INFO - Running: ['***', 'tasks', 'run', 'api_to_snowflake', 'load_data_to_snowflake', 'scheduled__2025-02-19T10:15:52.595880+00:00', '--job-id', '23', '--raw', '--subdir', 'DAGS_FOLDER/api_to_snowflake.py', '--cfg-path', '/tmp/tmpsjbiryu2']
[2025-02-20T10:16:27.371+0000] {standard_task_runner.py:85} INFO - Job 23: Subtask load_data_to_snowflake
[2025-02-20T10:16:27.569+0000] {task_command.py:410} INFO - Running <TaskInstance: api_to_snowflake.load_data_to_snowflake scheduled__2025-02-19T10:15:52.595880+00:00 [running]> on host a5ad21395fb4
[2025-02-20T10:16:27.668+0000] {taskinstance.py:1570} INFO - Exporting env vars: AIRFLOW_CTX_DAG_OWNER='***' AIRFLOW_CTX_DAG_ID='api_to_snowflake' AIRFLOW_CTX_TASK_ID='load_data_to_snowflake' AIRFLOW_CTX_EXECUTION_DATE='2025-02-19T10:15:52.595880+00:00' AIRFLOW_CTX_TRY_NUMBER='1' AIRFLOW_CTX_DAG_RUN_ID='scheduled__2025-02-19T10:15:52.595880+00:00'
[2025-02-20T10:16:27.684+0000] {connection.py:287} INFO - Snowflake Connector for Python Version: 3.0.3, Python Version: 3.7.16, Platform: Linux-6.10.11-linuxkit-x86_64-with-debian-11.7
[2025-02-20T10:16:27.685+0000] {connection.py:990} INFO - This connection is in OCSP Fail Open Mode. TLS Certificates would be checked for validity and revocation status. Any other Certificate Revocation related exceptions or OCSP Responder failures would be disregarded in favor of connectivity.
[2025-02-20T10:16:27.686+0000] {connection.py:1007} INFO - Setting use_openssl_only mode to False
[2025-02-20T10:16:29.510+0000] {cursor.py:800} INFO - query: [CREATE OR REPLACE TABLE HOSPITAL_MU_PUBLIC_HEALTH_MEASURES ("region" VARCHAR, "r...]
[2025-02-20T10:16:29.901+0000] {cursor.py:813} INFO - query execution done
[2025-02-20T10:16:29.902+0000] {cursor.py:956} INFO - Number of results in first chunk: 1
[2025-02-20T10:16:29.903+0000] {cursor.py:800} INFO - query: [COMMIT]
[2025-02-20T10:16:30.126+0000] {cursor.py:813} INFO - query execution done
[2025-02-20T10:16:30.127+0000] {cursor.py:956} INFO - Number of results in first chunk: 1
[2025-02-20T10:16:30.127+0000] {cursor.py:800} INFO - query: [INSERT INTO HOSPITAL_MU_PUBLIC_HEALTH_MEASURES ("region", "region_code", "period...]
[2025-02-20T10:16:31.002+0000] {cursor.py:813} INFO - query execution done
[2025-02-20T10:16:31.002+0000] {cursor.py:800} INFO - query: [INSERT INTO HOSPITAL_MU_PUBLIC_HEALTH_MEASURES ("region", "region_code", "period...]
[2025-02-20T10:16:31.699+0000] {cursor.py:813} INFO - query execution done
[2025-02-20T10:16:31.700+0000] {cursor.py:800} INFO - query: [INSERT INTO HOSPITAL_MU_PUBLIC_HEALTH_MEASURES ("region", "region_code", "period...]
[2025-02-20T10:16:40.769+0000] {cursor.py:813} INFO - query execution done
[2025-02-20T10:16:40.769+0000] {cursor.py:800} INFO - query: [INSERT INTO HOSPITAL_MU_PUBLIC_HEALTH_MEASURES ("region", "region_code", "period...]
[2025-02-20T10:16:41.530+0000] {cursor.py:813} INFO - query execution done
[2025-02-20T10:16:41.530+0000] {cursor.py:800} INFO - query: [INSERT INTO HOSPITAL_MU_PUBLIC_HEALTH_MEASURES ("region", "region_code", "period...]
[2025-02-20T10:16:42.305+0000] {cursor.py:813} INFO - query execution done
[2025-02-20T10:16:42.305+0000] {cursor.py:800} INFO - query: [INSERT INTO HOSPITAL_MU_PUBLIC_HEALTH_MEASURES ("region", "region_code", "period...]
[2025-02-20T10:16:42.779+0000] {cursor.py:813} INFO - query execution done
[2025-02-20T10:16:42.779+0000] {cursor.py:800} INFO - query: [INSERT INTO HOSPITAL_MU_PUBLIC_HEALTH_MEASURES ("region", "region_code", "period...]
[2025-02-20T10:16:43.238+0000] {cursor.py:813} INFO - query execution done
[2025-02-20T10:16:43.238+0000] {cursor.py:800} INFO - query: [INSERT INTO HOSPITAL_MU_PUBLIC_HEALTH_MEASURES ("region", "region_code", "period...]
[2025-02-20T10:16:43.677+0000] {cursor.py:813} INFO - query execution done
[2025-02-20T10:16:43.678+0000] {cursor.py:800} INFO - query: [INSERT INTO HOSPITAL_MU_PUBLIC_HEALTH_MEASURES ("region", "region_code", "period...]
[2025-02-20T10:16:44.384+0000] {cursor.py:813} INFO - query execution done
[2025-02-20T10:16:44.385+0000] {cursor.py:800} INFO - query: [INSERT INTO HOSPITAL_MU_PUBLIC_HEALTH_MEASURES ("region", "region_code", "period...]
[2025-02-20T10:16:45.174+0000] {cursor.py:813} INFO - query execution done
[2025-02-20T10:16:45.174+0000] {cursor.py:800} INFO - query: [INSERT INTO HOSPITAL_MU_PUBLIC_HEALTH_MEASURES ("region", "region_code", "period...]
[2025-02-20T10:16:45.786+0000] {cursor.py:813} INFO - query execution done
[2025-02-20T10:16:45.787+0000] {cursor.py:800} INFO - query: [INSERT INTO HOSPITAL_MU_PUBLIC_HEALTH_MEASURES ("region", "region_code", "period...]
[2025-02-20T10:16:46.298+0000] {cursor.py:813} INFO - query execution done
[2025-02-20T10:16:46.299+0000] {cursor.py:800} INFO - query: [INSERT INTO HOSPITAL_MU_PUBLIC_HEALTH_MEASURES ("region", "region_code", "period...]
[2025-02-20T10:16:46.811+0000] {cursor.py:813} INFO - query execution done
[2025-02-20T10:16:46.812+0000] {cursor.py:800} INFO - query: [INSERT INTO HOSPITAL_MU_PUBLIC_HEALTH_MEASURES ("region", "region_code", "period...]
[2025-02-20T10:16:47.322+0000] {cursor.py:813} INFO - query execution done
[2025-02-20T10:16:47.323+0000] {cursor.py:800} INFO - query: [INSERT INTO HOSPITAL_MU_PUBLIC_HEALTH_MEASURES ("region", "region_code", "period...]
[2025-02-20T10:16:47.836+0000] {cursor.py:813} INFO - query execution done
[2025-02-20T10:16:47.836+0000] {cursor.py:800} INFO - query: [INSERT INTO HOSPITAL_MU_PUBLIC_HEALTH_MEASURES ("region", "region_code", "period...]
[2025-02-20T10:16:48.346+0000] {cursor.py:813} INFO - query execution done
[2025-02-20T10:16:48.347+0000] {cursor.py:800} INFO - query: [INSERT INTO HOSPITAL_MU_PUBLIC_HEALTH_MEASURES ("region", "region_code", "period...]
[2025-02-20T10:16:48.858+0000] {cursor.py:813} INFO - query execution done
[2025-02-20T10:16:48.859+0000] {cursor.py:800} INFO - query: [INSERT INTO HOSPITAL_MU_PUBLIC_HEALTH_MEASURES ("region", "region_code", "period...]
[2025-02-20T10:16:49.473+0000] {cursor.py:813} INFO - query execution done
[2025-02-20T10:16:49.473+0000] {cursor.py:800} INFO - query: [INSERT INTO HOSPITAL_MU_PUBLIC_HEALTH_MEASURES ("region", "region_code", "period...]
[2025-02-20T10:16:49.985+0000] {cursor.py:813} INFO - query execution done
[2025-02-20T10:16:49.985+0000] {cursor.py:800} INFO - query: [INSERT INTO HOSPITAL_MU_PUBLIC_HEALTH_MEASURES ("region", "region_code", "period...]
[2025-02-20T10:16:50.496+0000] {cursor.py:813} INFO - query execution done
[2025-02-20T10:16:50.497+0000] {cursor.py:800} INFO - query: [INSERT INTO HOSPITAL_MU_PUBLIC_HEALTH_MEASURES ("region", "region_code", "period...]
[2025-02-20T10:16:51.010+0000] {cursor.py:813} INFO - query execution done
[2025-02-20T10:16:51.011+0000] {cursor.py:800} INFO - query: [INSERT INTO HOSPITAL_MU_PUBLIC_HEALTH_MEASURES ("region", "region_code", "period...]
[2025-02-20T10:16:51.520+0000] {cursor.py:813} INFO - query execution done
[2025-02-20T10:16:51.521+0000] {cursor.py:800} INFO - query: [INSERT INTO HOSPITAL_MU_PUBLIC_HEALTH_MEASURES ("region", "region_code", "period...]
[2025-02-20T10:16:52.033+0000] {cursor.py:813} INFO - query execution done
[2025-02-20T10:16:52.034+0000] {cursor.py:800} INFO - query: [INSERT INTO HOSPITAL_MU_PUBLIC_HEALTH_MEASURES ("region", "region_code", "period...]
[2025-02-20T10:16:52.544+0000] {cursor.py:813} INFO - query execution done
[2025-02-20T10:16:52.545+0000] {cursor.py:800} INFO - query: [INSERT INTO HOSPITAL_MU_PUBLIC_HEALTH_MEASURES ("region", "region_code", "period...]
[2025-02-20T10:16:53.057+0000] {cursor.py:813} INFO - query execution done
[2025-02-20T10:16:53.057+0000] {cursor.py:800} INFO - query: [INSERT INTO HOSPITAL_MU_PUBLIC_HEALTH_MEASURES ("region", "region_code", "period...]
[2025-02-20T10:16:53.569+0000] {cursor.py:813} INFO - query execution done
[2025-02-20T10:16:53.570+0000] {cursor.py:800} INFO - query: [INSERT INTO HOSPITAL_MU_PUBLIC_HEALTH_MEASURES ("region", "region_code", "period...]
[2025-02-20T10:16:54.080+0000] {cursor.py:813} INFO - query execution done
[2025-02-20T10:16:54.081+0000] {cursor.py:800} INFO - query: [INSERT INTO HOSPITAL_MU_PUBLIC_HEALTH_MEASURES ("region", "region_code", "period...]
[2025-02-20T10:16:54.594+0000] {cursor.py:813} INFO - query execution done
[2025-02-20T10:16:54.595+0000] {cursor.py:800} INFO - query: [INSERT INTO HOSPITAL_MU_PUBLIC_HEALTH_MEASURES ("region", "region_code", "period...]
[2025-02-20T10:16:55.106+0000] {cursor.py:813} INFO - query execution done
[2025-02-20T10:16:55.107+0000] {cursor.py:800} INFO - query: [INSERT INTO HOSPITAL_MU_PUBLIC_HEALTH_MEASURES ("region", "region_code", "period...]
[2025-02-20T10:16:55.618+0000] {cursor.py:813} INFO - query execution done
[2025-02-20T10:16:55.619+0000] {cursor.py:800} INFO - query: [INSERT INTO HOSPITAL_MU_PUBLIC_HEALTH_MEASURES ("region", "region_code", "period...]
[2025-02-20T10:16:56.436+0000] {cursor.py:813} INFO - query execution done
[2025-02-20T10:16:56.436+0000] {cursor.py:800} INFO - query: [INSERT INTO HOSPITAL_MU_PUBLIC_HEALTH_MEASURES ("region", "region_code", "period...]
[2025-02-20T10:16:56.948+0000] {cursor.py:813} INFO - query execution done
[2025-02-20T10:16:56.948+0000] {cursor.py:800} INFO - query: [INSERT INTO HOSPITAL_MU_PUBLIC_HEALTH_MEASURES ("region", "region_code", "period...]
[2025-02-20T10:16:57.460+0000] {cursor.py:813} INFO - query execution done
[2025-02-20T10:16:57.460+0000] {cursor.py:800} INFO - query: [INSERT INTO HOSPITAL_MU_PUBLIC_HEALTH_MEASURES ("region", "region_code", "period...]
[2025-02-20T10:16:57.972+0000] {cursor.py:813} INFO - query execution done
[2025-02-20T10:16:57.972+0000] {cursor.py:800} INFO - query: [INSERT INTO HOSPITAL_MU_PUBLIC_HEALTH_MEASURES ("region", "region_code", "period...]
[2025-02-20T10:16:58.484+0000] {cursor.py:813} INFO - query execution done
[2025-02-20T10:16:58.485+0000] {cursor.py:800} INFO - query: [INSERT INTO HOSPITAL_MU_PUBLIC_HEALTH_MEASURES ("region", "region_code", "period...]
[2025-02-20T10:16:58.996+0000] {cursor.py:813} INFO - query execution done
[2025-02-20T10:16:58.997+0000] {cursor.py:800} INFO - query: [INSERT INTO HOSPITAL_MU_PUBLIC_HEALTH_MEASURES ("region", "region_code", "period...]
[2025-02-20T10:16:59.508+0000] {cursor.py:813} INFO - query execution done
[2025-02-20T10:16:59.508+0000] {cursor.py:800} INFO - query: [INSERT INTO HOSPITAL_MU_PUBLIC_HEALTH_MEASURES ("region", "region_code", "period...]
[2025-02-20T10:17:00.020+0000] {cursor.py:813} INFO - query execution done
[2025-02-20T10:17:00.020+0000] {cursor.py:800} INFO - query: [INSERT INTO HOSPITAL_MU_PUBLIC_HEALTH_MEASURES ("region", "region_code", "period...]
[2025-02-20T10:17:00.533+0000] {cursor.py:813} INFO - query execution done
[2025-02-20T10:17:00.534+0000] {cursor.py:800} INFO - query: [INSERT INTO HOSPITAL_MU_PUBLIC_HEALTH_MEASURES ("region", "region_code", "period...]
[2025-02-20T10:17:01.044+0000] {cursor.py:813} INFO - query execution done
[2025-02-20T10:17:01.044+0000] {cursor.py:800} INFO - query: [INSERT INTO HOSPITAL_MU_PUBLIC_HEALTH_MEASURES ("region", "region_code", "period...]
[2025-02-20T10:17:01.659+0000] {cursor.py:813} INFO - query execution done
[2025-02-20T10:17:01.659+0000] {cursor.py:800} INFO - query: [INSERT INTO HOSPITAL_MU_PUBLIC_HEALTH_MEASURES ("region", "region_code", "period...]
[2025-02-20T10:17:02.068+0000] {cursor.py:813} INFO - query execution done
[2025-02-20T10:17:02.069+0000] {cursor.py:800} INFO - query: [INSERT INTO HOSPITAL_MU_PUBLIC_HEALTH_MEASURES ("region", "region_code", "period...]
[2025-02-20T10:17:02.580+0000] {cursor.py:813} INFO - query execution done
[2025-02-20T10:17:02.581+0000] {cursor.py:800} INFO - query: [INSERT INTO HOSPITAL_MU_PUBLIC_HEALTH_MEASURES ("region", "region_code", "period...]
[2025-02-20T10:17:03.032+0000] {cursor.py:813} INFO - query execution done
[2025-02-20T10:17:03.033+0000] {cursor.py:800} INFO - query: [INSERT INTO HOSPITAL_MU_PUBLIC_HEALTH_MEASURES ("region", "region_code", "period...]
[2025-02-20T10:17:03.475+0000] {cursor.py:813} INFO - query execution done
[2025-02-20T10:17:03.476+0000] {cursor.py:800} INFO - query: [INSERT INTO HOSPITAL_MU_PUBLIC_HEALTH_MEASURES ("region", "region_code", "period...]
[2025-02-20T10:17:03.951+0000] {cursor.py:813} INFO - query execution done
[2025-02-20T10:17:03.952+0000] {cursor.py:800} INFO - query: [INSERT INTO HOSPITAL_MU_PUBLIC_HEALTH_MEASURES ("region", "region_code", "period...]
[2025-02-20T10:17:04.367+0000] {cursor.py:813} INFO - query execution done
[2025-02-20T10:17:04.368+0000] {cursor.py:800} INFO - query: [INSERT INTO HOSPITAL_MU_PUBLIC_HEALTH_MEASURES ("region", "region_code", "period...]
[2025-02-20T10:17:04.809+0000] {cursor.py:813} INFO - query execution done
[2025-02-20T10:17:04.809+0000] {cursor.py:800} INFO - query: [INSERT INTO HOSPITAL_MU_PUBLIC_HEALTH_MEASURES ("region", "region_code", "period...]
[2025-02-20T10:17:05.291+0000] {cursor.py:813} INFO - query execution done
[2025-02-20T10:17:05.292+0000] {cursor.py:800} INFO - query: [INSERT INTO HOSPITAL_MU_PUBLIC_HEALTH_MEASURES ("region", "region_code", "period...]
[2025-02-20T10:17:05.728+0000] {cursor.py:813} INFO - query execution done
[2025-02-20T10:17:05.728+0000] {cursor.py:800} INFO - query: [INSERT INTO HOSPITAL_MU_PUBLIC_HEALTH_MEASURES ("region", "region_code", "period...]
[2025-02-20T10:17:06.229+0000] {cursor.py:813} INFO - query execution done
[2025-02-20T10:17:06.230+0000] {cursor.py:800} INFO - query: [INSERT INTO HOSPITAL_MU_PUBLIC_HEALTH_MEASURES ("region", "region_code", "period...]
[2025-02-20T10:17:06.646+0000] {cursor.py:813} INFO - query execution done
[2025-02-20T10:17:06.648+0000] {cursor.py:800} INFO - query: [INSERT INTO HOSPITAL_MU_PUBLIC_HEALTH_MEASURES ("region", "region_code", "period...]
[2025-02-20T10:17:07.188+0000] {cursor.py:813} INFO - query execution done
[2025-02-20T10:17:07.189+0000] {cursor.py:800} INFO - query: [INSERT INTO HOSPITAL_MU_PUBLIC_HEALTH_MEASURES ("region", "region_code", "period...]
[2025-02-20T10:17:07.642+0000] {cursor.py:813} INFO - query execution done
[2025-02-20T10:17:07.642+0000] {cursor.py:800} INFO - query: [INSERT INTO HOSPITAL_MU_PUBLIC_HEALTH_MEASURES ("region", "region_code", "period...]
[2025-02-20T10:17:08.110+0000] {cursor.py:813} INFO - query execution done
[2025-02-20T10:17:08.111+0000] {cursor.py:800} INFO - query: [INSERT INTO HOSPITAL_MU_PUBLIC_HEALTH_MEASURES ("region", "region_code", "period...]
[2025-02-20T10:17:08.625+0000] {cursor.py:813} INFO - query execution done
[2025-02-20T10:17:08.625+0000] {cursor.py:800} INFO - query: [INSERT INTO HOSPITAL_MU_PUBLIC_HEALTH_MEASURES ("region", "region_code", "period...]
[2025-02-20T10:17:09.091+0000] {cursor.py:813} INFO - query execution done
[2025-02-20T10:17:09.092+0000] {cursor.py:800} INFO - query: [INSERT INTO HOSPITAL_MU_PUBLIC_HEALTH_MEASURES ("region", "region_code", "period...]
[2025-02-20T10:17:09.505+0000] {cursor.py:813} INFO - query execution done
[2025-02-20T10:17:09.506+0000] {cursor.py:800} INFO - query: [INSERT INTO HOSPITAL_MU_PUBLIC_HEALTH_MEASURES ("region", "region_code", "period...]
[2025-02-20T10:17:09.965+0000] {cursor.py:813} INFO - query execution done
[2025-02-20T10:17:09.966+0000] {cursor.py:800} INFO - query: [INSERT INTO HOSPITAL_MU_PUBLIC_HEALTH_MEASURES ("region", "region_code", "period...]
[2025-02-20T10:17:10.381+0000] {cursor.py:813} INFO - query execution done
[2025-02-20T10:17:10.382+0000] {cursor.py:800} INFO - query: [INSERT INTO HOSPITAL_MU_PUBLIC_HEALTH_MEASURES ("region", "region_code", "period...]
[2025-02-20T10:17:10.915+0000] {cursor.py:813} INFO - query execution done
[2025-02-20T10:17:10.916+0000] {cursor.py:800} INFO - query: [INSERT INTO HOSPITAL_MU_PUBLIC_HEALTH_MEASURES ("region", "region_code", "period...]
[2025-02-20T10:17:11.393+0000] {cursor.py:813} INFO - query execution done
[2025-02-20T10:17:11.394+0000] {cursor.py:800} INFO - query: [INSERT INTO HOSPITAL_MU_PUBLIC_HEALTH_MEASURES ("region", "region_code", "period...]
[2025-02-20T10:17:11.828+0000] {cursor.py:813} INFO - query execution done
[2025-02-20T10:17:11.829+0000] {cursor.py:800} INFO - query: [INSERT INTO HOSPITAL_MU_PUBLIC_HEALTH_MEASURES ("region", "region_code", "period...]
[2025-02-20T10:17:12.287+0000] {cursor.py:813} INFO - query execution done
[2025-02-20T10:17:12.288+0000] {cursor.py:800} INFO - query: [INSERT INTO HOSPITAL_MU_PUBLIC_HEALTH_MEASURES ("region", "region_code", "period...]
[2025-02-20T10:17:12.761+0000] {cursor.py:813} INFO - query execution done
[2025-02-20T10:17:12.761+0000] {cursor.py:800} INFO - query: [INSERT INTO HOSPITAL_MU_PUBLIC_HEALTH_MEASURES ("region", "region_code", "period...]
[2025-02-20T10:17:13.241+0000] {cursor.py:813} INFO - query execution done
[2025-02-20T10:17:13.242+0000] {cursor.py:800} INFO - query: [INSERT INTO HOSPITAL_MU_PUBLIC_HEALTH_MEASURES ("region", "region_code", "period...]
[2025-02-20T10:17:13.702+0000] {cursor.py:813} INFO - query execution done
[2025-02-20T10:17:13.703+0000] {cursor.py:800} INFO - query: [INSERT INTO HOSPITAL_MU_PUBLIC_HEALTH_MEASURES ("region", "region_code", "period...]
[2025-02-20T10:17:14.204+0000] {cursor.py:813} INFO - query execution done
[2025-02-20T10:17:14.205+0000] {cursor.py:800} INFO - query: [INSERT INTO HOSPITAL_MU_PUBLIC_HEALTH_MEASURES ("region", "region_code", "period...]
[2025-02-20T10:17:14.607+0000] {cursor.py:813} INFO - query execution done
[2025-02-20T10:17:14.607+0000] {cursor.py:800} INFO - query: [INSERT INTO HOSPITAL_MU_PUBLIC_HEALTH_MEASURES ("region", "region_code", "period...]
[2025-02-20T10:17:15.073+0000] {cursor.py:813} INFO - query execution done
[2025-02-20T10:17:15.074+0000] {cursor.py:800} INFO - query: [INSERT INTO HOSPITAL_MU_PUBLIC_HEALTH_MEASURES ("region", "region_code", "period...]
[2025-02-20T10:17:15.584+0000] {cursor.py:813} INFO - query execution done
[2025-02-20T10:17:15.585+0000] {cursor.py:800} INFO - query: [INSERT INTO HOSPITAL_MU_PUBLIC_HEALTH_MEASURES ("region", "region_code", "period...]
[2025-02-20T10:17:16.097+0000] {cursor.py:813} INFO - query execution done
[2025-02-20T10:17:16.098+0000] {cursor.py:800} INFO - query: [INSERT INTO HOSPITAL_MU_PUBLIC_HEALTH_MEASURES ("region", "region_code", "period...]
[2025-02-20T10:17:16.506+0000] {cursor.py:813} INFO - query execution done
[2025-02-20T10:17:16.507+0000] {cursor.py:800} INFO - query: [INSERT INTO HOSPITAL_MU_PUBLIC_HEALTH_MEASURES ("region", "region_code", "period...]
[2025-02-20T10:17:17.018+0000] {cursor.py:813} INFO - query execution done
[2025-02-20T10:17:17.019+0000] {cursor.py:800} INFO - query: [INSERT INTO HOSPITAL_MU_PUBLIC_HEALTH_MEASURES ("region", "region_code", "period...]
[2025-02-20T10:17:17.449+0000] {cursor.py:813} INFO - query execution done
[2025-02-20T10:17:17.450+0000] {cursor.py:800} INFO - query: [INSERT INTO HOSPITAL_MU_PUBLIC_HEALTH_MEASURES ("region", "region_code", "period...]
[2025-02-20T10:17:17.893+0000] {cursor.py:813} INFO - query execution done
[2025-02-20T10:17:17.894+0000] {cursor.py:800} INFO - query: [INSERT INTO HOSPITAL_MU_PUBLIC_HEALTH_MEASURES ("region", "region_code", "period...]
[2025-02-20T10:17:18.452+0000] {cursor.py:813} INFO - query execution done
[2025-02-20T10:17:18.453+0000] {cursor.py:800} INFO - query: [INSERT INTO HOSPITAL_MU_PUBLIC_HEALTH_MEASURES ("region", "region_code", "period...]
[2025-02-20T10:17:18.964+0000] {cursor.py:813} INFO - query execution done
[2025-02-20T10:17:18.964+0000] {cursor.py:800} INFO - query: [INSERT INTO HOSPITAL_MU_PUBLIC_HEALTH_MEASURES ("region", "region_code", "period...]
[2025-02-20T10:17:19.476+0000] {cursor.py:813} INFO - query execution done
[2025-02-20T10:17:19.476+0000] {cursor.py:800} INFO - query: [INSERT INTO HOSPITAL_MU_PUBLIC_HEALTH_MEASURES ("region", "region_code", "period...]
[2025-02-20T10:17:19.967+0000] {cursor.py:813} INFO - query execution done
[2025-02-20T10:17:19.968+0000] {cursor.py:800} INFO - query: [INSERT INTO HOSPITAL_MU_PUBLIC_HEALTH_MEASURES ("region", "region_code", "period...]
[2025-02-20T10:17:20.500+0000] {cursor.py:813} INFO - query execution done
[2025-02-20T10:17:20.501+0000] {cursor.py:800} INFO - query: [INSERT INTO HOSPITAL_MU_PUBLIC_HEALTH_MEASURES ("region", "region_code", "period...]
[2025-02-20T10:17:21.013+0000] {cursor.py:813} INFO - query execution done
[2025-02-20T10:17:21.013+0000] {cursor.py:800} INFO - query: [INSERT INTO HOSPITAL_MU_PUBLIC_HEALTH_MEASURES ("region", "region_code", "period...]
[2025-02-20T10:17:21.524+0000] {cursor.py:813} INFO - query execution done
[2025-02-20T10:17:21.525+0000] {cursor.py:800} INFO - query: [INSERT INTO HOSPITAL_MU_PUBLIC_HEALTH_MEASURES ("region", "region_code", "period...]
[2025-02-20T10:17:22.040+0000] {cursor.py:813} INFO - query execution done
[2025-02-20T10:17:22.041+0000] {cursor.py:800} INFO - query: [INSERT INTO HOSPITAL_MU_PUBLIC_HEALTH_MEASURES ("region", "region_code", "period...]
[2025-02-20T10:17:22.650+0000] {cursor.py:813} INFO - query execution done
[2025-02-20T10:17:22.651+0000] {cursor.py:800} INFO - query: [INSERT INTO HOSPITAL_MU_PUBLIC_HEALTH_MEASURES ("region", "region_code", "period...]
[2025-02-20T10:17:23.162+0000] {cursor.py:813} INFO - query execution done
[2025-02-20T10:17:23.163+0000] {cursor.py:800} INFO - query: [INSERT INTO HOSPITAL_MU_PUBLIC_HEALTH_MEASURES ("region", "region_code", "period...]
[2025-02-20T10:17:23.675+0000] {cursor.py:813} INFO - query execution done
[2025-02-20T10:17:23.676+0000] {cursor.py:800} INFO - query: [INSERT INTO HOSPITAL_MU_PUBLIC_HEALTH_MEASURES ("region", "region_code", "period...]
[2025-02-20T10:17:24.186+0000] {cursor.py:813} INFO - query execution done
[2025-02-20T10:17:24.187+0000] {cursor.py:800} INFO - query: [INSERT INTO HOSPITAL_MU_PUBLIC_HEALTH_MEASURES ("region", "region_code", "period...]
[2025-02-20T10:17:25.108+0000] {cursor.py:813} INFO - query execution done
[2025-02-20T10:17:25.108+0000] {cursor.py:800} INFO - query: [INSERT INTO HOSPITAL_MU_PUBLIC_HEALTH_MEASURES ("region", "region_code", "period...]
[2025-02-20T10:17:25.723+0000] {cursor.py:813} INFO - query execution done
[2025-02-20T10:17:25.723+0000] {cursor.py:800} INFO - query: [INSERT INTO HOSPITAL_MU_PUBLIC_HEALTH_MEASURES ("region", "region_code", "period...]
[2025-02-20T10:17:26.237+0000] {cursor.py:813} INFO - query execution done
[2025-02-20T10:17:26.240+0000] {cursor.py:800} INFO - query: [INSERT INTO HOSPITAL_MU_PUBLIC_HEALTH_MEASURES ("region", "region_code", "period...]
[2025-02-20T10:17:26.746+0000] {cursor.py:813} INFO - query execution done
[2025-02-20T10:17:26.746+0000] {cursor.py:800} INFO - query: [INSERT INTO HOSPITAL_MU_PUBLIC_HEALTH_MEASURES ("region", "region_code", "period...]
[2025-02-20T10:17:27.362+0000] {cursor.py:813} INFO - query execution done
[2025-02-20T10:17:27.362+0000] {cursor.py:800} INFO - query: [INSERT INTO HOSPITAL_MU_PUBLIC_HEALTH_MEASURES ("region", "region_code", "period...]
[2025-02-20T10:17:27.873+0000] {cursor.py:813} INFO - query execution done
[2025-02-20T10:17:27.874+0000] {cursor.py:800} INFO - query: [INSERT INTO HOSPITAL_MU_PUBLIC_HEALTH_MEASURES ("region", "region_code", "period...]
[2025-02-20T10:17:28.385+0000] {cursor.py:813} INFO - query execution done
[2025-02-20T10:17:28.385+0000] {cursor.py:800} INFO - query: [INSERT INTO HOSPITAL_MU_PUBLIC_HEALTH_MEASURES ("region", "region_code", "period...]
[2025-02-20T10:17:28.810+0000] {cursor.py:813} INFO - query execution done
[2025-02-20T10:17:28.810+0000] {cursor.py:800} INFO - query: [INSERT INTO HOSPITAL_MU_PUBLIC_HEALTH_MEASURES ("region", "region_code", "period...]
[2025-02-20T10:17:29.304+0000] {cursor.py:813} INFO - query execution done
[2025-02-20T10:17:29.511+0000] {cursor.py:800} INFO - query: [INSERT INTO HOSPITAL_MU_PUBLIC_HEALTH_MEASURES ("region", "region_code", "period...]
[2025-02-20T10:17:30.023+0000] {cursor.py:813} INFO - query execution done
[2025-02-20T10:17:30.024+0000] {cursor.py:800} INFO - query: [INSERT INTO HOSPITAL_MU_PUBLIC_HEALTH_MEASURES ("region", "region_code", "period...]
[2025-02-20T10:17:30.535+0000] {cursor.py:813} INFO - query execution done
[2025-02-20T10:17:30.536+0000] {cursor.py:800} INFO - query: [INSERT INTO HOSPITAL_MU_PUBLIC_HEALTH_MEASURES ("region", "region_code", "period...]
[2025-02-20T10:17:31.047+0000] {cursor.py:813} INFO - query execution done
[2025-02-20T10:17:31.048+0000] {cursor.py:800} INFO - query: [INSERT INTO HOSPITAL_MU_PUBLIC_HEALTH_MEASURES ("region", "region_code", "period...]
[2025-02-20T10:17:31.559+0000] {cursor.py:813} INFO - query execution done
[2025-02-20T10:17:31.559+0000] {cursor.py:800} INFO - query: [INSERT INTO HOSPITAL_MU_PUBLIC_HEALTH_MEASURES ("region", "region_code", "period...]
[2025-02-20T10:17:32.072+0000] {cursor.py:813} INFO - query execution done
[2025-02-20T10:17:32.072+0000] {cursor.py:800} INFO - query: [INSERT INTO HOSPITAL_MU_PUBLIC_HEALTH_MEASURES ("region", "region_code", "period...]
[2025-02-20T10:17:32.583+0000] {cursor.py:813} INFO - query execution done
[2025-02-20T10:17:32.584+0000] {cursor.py:800} INFO - query: [INSERT INTO HOSPITAL_MU_PUBLIC_HEALTH_MEASURES ("region", "region_code", "period...]
[2025-02-20T10:17:33.083+0000] {cursor.py:813} INFO - query execution done
[2025-02-20T10:17:33.084+0000] {cursor.py:800} INFO - query: [INSERT INTO HOSPITAL_MU_PUBLIC_HEALTH_MEASURES ("region", "region_code", "period...]
[2025-02-20T10:17:33.506+0000] {cursor.py:813} INFO - query execution done
[2025-02-20T10:17:33.506+0000] {cursor.py:800} INFO - query: [INSERT INTO HOSPITAL_MU_PUBLIC_HEALTH_MEASURES ("region", "region_code", "period...]
[2025-02-20T10:17:34.017+0000] {cursor.py:813} INFO - query execution done
[2025-02-20T10:17:34.018+0000] {cursor.py:800} INFO - query: [INSERT INTO HOSPITAL_MU_PUBLIC_HEALTH_MEASURES ("region", "region_code", "period...]
[2025-02-20T10:17:34.529+0000] {cursor.py:813} INFO - query execution done
[2025-02-20T10:17:34.529+0000] {cursor.py:800} INFO - query: [INSERT INTO HOSPITAL_MU_PUBLIC_HEALTH_MEASURES ("region", "region_code", "period...]
[2025-02-20T10:17:35.041+0000] {cursor.py:813} INFO - query execution done
[2025-02-20T10:17:35.042+0000] {cursor.py:800} INFO - query: [INSERT INTO HOSPITAL_MU_PUBLIC_HEALTH_MEASURES ("region", "region_code", "period...]
[2025-02-20T10:17:35.553+0000] {cursor.py:813} INFO - query execution done
[2025-02-20T10:17:35.554+0000] {cursor.py:800} INFO - query: [INSERT INTO HOSPITAL_MU_PUBLIC_HEALTH_MEASURES ("region", "region_code", "period...]
[2025-02-20T10:17:36.066+0000] {cursor.py:813} INFO - query execution done
[2025-02-20T10:17:36.067+0000] {cursor.py:800} INFO - query: [INSERT INTO HOSPITAL_MU_PUBLIC_HEALTH_MEASURES ("region", "region_code", "period...]
[2025-02-20T10:17:36.577+0000] {cursor.py:813} INFO - query execution done
[2025-02-20T10:17:36.577+0000] {cursor.py:800} INFO - query: [INSERT INTO HOSPITAL_MU_PUBLIC_HEALTH_MEASURES ("region", "region_code", "period...]
[2025-02-20T10:17:37.090+0000] {cursor.py:813} INFO - query execution done
[2025-02-20T10:17:37.091+0000] {cursor.py:800} INFO - query: [INSERT INTO HOSPITAL_MU_PUBLIC_HEALTH_MEASURES ("region", "region_code", "period...]
[2025-02-20T10:17:45.485+0000] {cursor.py:813} INFO - query execution done
[2025-02-20T10:17:45.486+0000] {cursor.py:800} INFO - query: [INSERT INTO HOSPITAL_MU_PUBLIC_HEALTH_MEASURES ("region", "region_code", "period...]
[2025-02-20T10:17:45.999+0000] {cursor.py:813} INFO - query execution done
[2025-02-20T10:17:46.000+0000] {cursor.py:800} INFO - query: [INSERT INTO HOSPITAL_MU_PUBLIC_HEALTH_MEASURES ("region", "region_code", "period...]
[2025-02-20T10:17:46.509+0000] {cursor.py:813} INFO - query execution done
[2025-02-20T10:17:46.510+0000] {cursor.py:800} INFO - query: [INSERT INTO HOSPITAL_MU_PUBLIC_HEALTH_MEASURES ("region", "region_code", "period...]
[2025-02-20T10:17:47.022+0000] {cursor.py:813} INFO - query execution done
[2025-02-20T10:17:47.022+0000] {cursor.py:800} INFO - query: [INSERT INTO HOSPITAL_MU_PUBLIC_HEALTH_MEASURES ("region", "region_code", "period...]
[2025-02-20T10:17:47.534+0000] {cursor.py:813} INFO - query execution done
[2025-02-20T10:17:47.534+0000] {cursor.py:800} INFO - query: [INSERT INTO HOSPITAL_MU_PUBLIC_HEALTH_MEASURES ("region", "region_code", "period...]
[2025-02-20T10:17:48.046+0000] {cursor.py:813} INFO - query execution done
[2025-02-20T10:17:48.047+0000] {cursor.py:800} INFO - query: [INSERT INTO HOSPITAL_MU_PUBLIC_HEALTH_MEASURES ("region", "region_code", "period...]
[2025-02-20T10:17:48.476+0000] {cursor.py:813} INFO - query execution done
[2025-02-20T10:17:48.477+0000] {cursor.py:800} INFO - query: [INSERT INTO HOSPITAL_MU_PUBLIC_HEALTH_MEASURES ("region", "region_code", "period...]
[2025-02-20T10:17:49.071+0000] {cursor.py:813} INFO - query execution done
[2025-02-20T10:17:49.071+0000] {cursor.py:800} INFO - query: [INSERT INTO HOSPITAL_MU_PUBLIC_HEALTH_MEASURES ("region", "region_code", "period...]
[2025-02-20T10:17:49.485+0000] {cursor.py:813} INFO - query execution done
[2025-02-20T10:17:49.486+0000] {cursor.py:800} INFO - query: [INSERT INTO HOSPITAL_MU_PUBLIC_HEALTH_MEASURES ("region", "region_code", "period...]
[2025-02-20T10:17:50.095+0000] {cursor.py:813} INFO - query execution done
[2025-02-20T10:17:50.095+0000] {cursor.py:800} INFO - query: [INSERT INTO HOSPITAL_MU_PUBLIC_HEALTH_MEASURES ("region", "region_code", "period...]
[2025-02-20T10:17:50.503+0000] {cursor.py:813} INFO - query execution done
[2025-02-20T10:17:50.504+0000] {cursor.py:800} INFO - query: [INSERT INTO HOSPITAL_MU_PUBLIC_HEALTH_MEASURES ("region", "region_code", "period...]
[2025-02-20T10:17:51.016+0000] {cursor.py:813} INFO - query execution done
[2025-02-20T10:17:51.016+0000] {cursor.py:800} INFO - query: [INSERT INTO HOSPITAL_MU_PUBLIC_HEALTH_MEASURES ("region", "region_code", "period...]
[2025-02-20T10:17:51.432+0000] {cursor.py:813} INFO - query execution done
[2025-02-20T10:17:51.432+0000] {cursor.py:800} INFO - query: [INSERT INTO HOSPITAL_MU_PUBLIC_HEALTH_MEASURES ("region", "region_code", "period...]
[2025-02-20T10:17:51.938+0000] {cursor.py:813} INFO - query execution done
[2025-02-20T10:17:51.940+0000] {cursor.py:800} INFO - query: [INSERT INTO HOSPITAL_MU_PUBLIC_HEALTH_MEASURES ("region", "region_code", "period...]
[2025-02-20T10:17:52.450+0000] {cursor.py:813} INFO - query execution done
[2025-02-20T10:17:52.451+0000] {cursor.py:800} INFO - query: [INSERT INTO HOSPITAL_MU_PUBLIC_HEALTH_MEASURES ("region", "region_code", "period...]
[2025-02-20T10:17:52.961+0000] {cursor.py:813} INFO - query execution done
[2025-02-20T10:17:52.962+0000] {cursor.py:800} INFO - query: [INSERT INTO HOSPITAL_MU_PUBLIC_HEALTH_MEASURES ("region", "region_code", "period...]
[2025-02-20T10:17:53.474+0000] {cursor.py:813} INFO - query execution done
[2025-02-20T10:17:53.475+0000] {cursor.py:800} INFO - query: [INSERT INTO HOSPITAL_MU_PUBLIC_HEALTH_MEASURES ("region", "region_code", "period...]
[2025-02-20T10:17:54.087+0000] {cursor.py:813} INFO - query execution done
[2025-02-20T10:17:54.088+0000] {cursor.py:800} INFO - query: [INSERT INTO HOSPITAL_MU_PUBLIC_HEALTH_MEASURES ("region", "region_code", "period...]
[2025-02-20T10:17:54.599+0000] {cursor.py:813} INFO - query execution done
[2025-02-20T10:17:54.600+0000] {cursor.py:800} INFO - query: [INSERT INTO HOSPITAL_MU_PUBLIC_HEALTH_MEASURES ("region", "region_code", "period...]
[2025-02-20T10:17:55.112+0000] {cursor.py:813} INFO - query execution done
[2025-02-20T10:17:55.113+0000] {cursor.py:800} INFO - query: [INSERT INTO HOSPITAL_MU_PUBLIC_HEALTH_MEASURES ("region", "region_code", "period...]
[2025-02-20T10:17:55.623+0000] {cursor.py:813} INFO - query execution done
[2025-02-20T10:17:55.623+0000] {cursor.py:800} INFO - query: [INSERT INTO HOSPITAL_MU_PUBLIC_HEALTH_MEASURES ("region", "region_code", "period...]
[2025-02-20T10:17:56.238+0000] {cursor.py:813} INFO - query execution done
[2025-02-20T10:17:56.239+0000] {cursor.py:800} INFO - query: [INSERT INTO HOSPITAL_MU_PUBLIC_HEALTH_MEASURES ("region", "region_code", "period...]
[2025-02-20T10:17:56.827+0000] {cursor.py:813} INFO - query execution done
[2025-02-20T10:17:56.828+0000] {cursor.py:800} INFO - query: [INSERT INTO HOSPITAL_MU_PUBLIC_HEALTH_MEASURES ("region", "region_code", "period...]
[2025-02-20T10:17:57.262+0000] {cursor.py:813} INFO - query execution done
[2025-02-20T10:17:57.263+0000] {cursor.py:800} INFO - query: [INSERT INTO HOSPITAL_MU_PUBLIC_HEALTH_MEASURES ("region", "region_code", "period...]
[2025-02-20T10:17:57.774+0000] {cursor.py:813} INFO - query execution done
[2025-02-20T10:17:57.775+0000] {cursor.py:800} INFO - query: [INSERT INTO HOSPITAL_MU_PUBLIC_HEALTH_MEASURES ("region", "region_code", "period...]
[2025-02-20T10:17:58.183+0000] {cursor.py:813} INFO - query execution done
[2025-02-20T10:17:58.184+0000] {cursor.py:800} INFO - query: [INSERT INTO HOSPITAL_MU_PUBLIC_HEALTH_MEASURES ("region", "region_code", "period...]
[2025-02-20T10:17:58.695+0000] {cursor.py:813} INFO - query execution done
[2025-02-20T10:17:58.696+0000] {cursor.py:800} INFO - query: [INSERT INTO HOSPITAL_MU_PUBLIC_HEALTH_MEASURES ("region", "region_code", "period...]
[2025-02-20T10:17:59.207+0000] {cursor.py:813} INFO - query execution done
[2025-02-20T10:17:59.207+0000] {cursor.py:800} INFO - query: [INSERT INTO HOSPITAL_MU_PUBLIC_HEALTH_MEASURES ("region", "region_code", "period...]
[2025-02-20T10:17:59.719+0000] {cursor.py:813} INFO - query execution done
[2025-02-20T10:17:59.720+0000] {cursor.py:800} INFO - query: [INSERT INTO HOSPITAL_MU_PUBLIC_HEALTH_MEASURES ("region", "region_code", "period...]
[2025-02-20T10:18:00.231+0000] {cursor.py:813} INFO - query execution done
[2025-02-20T10:18:00.232+0000] {cursor.py:800} INFO - query: [INSERT INTO HOSPITAL_MU_PUBLIC_HEALTH_MEASURES ("region", "region_code", "period...]
[2025-02-20T10:18:00.743+0000] {cursor.py:813} INFO - query execution done
[2025-02-20T10:18:00.744+0000] {cursor.py:800} INFO - query: [INSERT INTO HOSPITAL_MU_PUBLIC_HEALTH_MEASURES ("region", "region_code", "period...]
[2025-02-20T10:18:01.256+0000] {cursor.py:813} INFO - query execution done
[2025-02-20T10:18:01.256+0000] {cursor.py:800} INFO - query: [INSERT INTO HOSPITAL_MU_PUBLIC_HEALTH_MEASURES ("region", "region_code", "period...]
[2025-02-20T10:18:01.767+0000] {cursor.py:813} INFO - query execution done
[2025-02-20T10:18:01.767+0000] {cursor.py:800} INFO - query: [INSERT INTO HOSPITAL_MU_PUBLIC_HEALTH_MEASURES ("region", "region_code", "period...]
[2025-02-20T10:18:02.282+0000] {cursor.py:813} INFO - query execution done
[2025-02-20T10:18:02.282+0000] {cursor.py:800} INFO - query: [INSERT INTO HOSPITAL_MU_PUBLIC_HEALTH_MEASURES ("region", "region_code", "period...]
[2025-02-20T10:18:02.780+0000] {cursor.py:813} INFO - query execution done
[2025-02-20T10:18:02.781+0000] {cursor.py:800} INFO - query: [INSERT INTO HOSPITAL_MU_PUBLIC_HEALTH_MEASURES ("region", "region_code", "period...]
[2025-02-20T10:18:03.303+0000] {cursor.py:813} INFO - query execution done
[2025-02-20T10:18:03.304+0000] {cursor.py:800} INFO - query: [INSERT INTO HOSPITAL_MU_PUBLIC_HEALTH_MEASURES ("region", "region_code", "period...]
[2025-02-20T10:18:03.815+0000] {cursor.py:813} INFO - query execution done
[2025-02-20T10:18:03.816+0000] {cursor.py:800} INFO - query: [INSERT INTO HOSPITAL_MU_PUBLIC_HEALTH_MEASURES ("region", "region_code", "period...]
[2025-02-20T10:18:04.431+0000] {cursor.py:813} INFO - query execution done
[2025-02-20T10:18:04.431+0000] {cursor.py:800} INFO - query: [INSERT INTO HOSPITAL_MU_PUBLIC_HEALTH_MEASURES ("region", "region_code", "period...]
[2025-02-20T10:18:04.839+0000] {cursor.py:813} INFO - query execution done
[2025-02-20T10:18:04.840+0000] {cursor.py:800} INFO - query: [INSERT INTO HOSPITAL_MU_PUBLIC_HEALTH_MEASURES ("region", "region_code", "period...]
[2025-02-20T10:18:05.351+0000] {cursor.py:813} INFO - query execution done
[2025-02-20T10:18:05.352+0000] {cursor.py:800} INFO - query: [INSERT INTO HOSPITAL_MU_PUBLIC_HEALTH_MEASURES ("region", "region_code", "period...]
[2025-02-20T10:18:05.864+0000] {cursor.py:813} INFO - query execution done
[2025-02-20T10:18:05.865+0000] {cursor.py:800} INFO - query: [INSERT INTO HOSPITAL_MU_PUBLIC_HEALTH_MEASURES ("region", "region_code", "period...]
[2025-02-20T10:18:06.375+0000] {cursor.py:813} INFO - query execution done
[2025-02-20T10:18:06.376+0000] {cursor.py:800} INFO - query: [INSERT INTO HOSPITAL_MU_PUBLIC_HEALTH_MEASURES ("region", "region_code", "period...]
[2025-02-20T10:18:06.816+0000] {cursor.py:813} INFO - query execution done
[2025-02-20T10:18:06.817+0000] {cursor.py:800} INFO - query: [INSERT INTO HOSPITAL_MU_PUBLIC_HEALTH_MEASURES ("region", "region_code", "period...]
[2025-02-20T10:18:07.297+0000] {cursor.py:813} INFO - query execution done
[2025-02-20T10:18:07.298+0000] {cursor.py:800} INFO - query: [INSERT INTO HOSPITAL_MU_PUBLIC_HEALTH_MEASURES ("region") VALUES ('')]
[2025-02-20T10:18:07.809+0000] {cursor.py:813} INFO - query execution done
[2025-02-20T10:18:07.810+0000] {cursor.py:800} INFO - query: [COMMIT]
[2025-02-20T10:18:08.022+0000] {cursor.py:813} INFO - query execution done
[2025-02-20T10:18:08.022+0000] {cursor.py:956} INFO - Number of results in first chunk: 1
[2025-02-20T10:18:08.023+0000] {connection.py:586} INFO - closed
[2025-02-20T10:18:08.321+0000] {connection.py:589} INFO - No async queries seem to be running, deleting session
[2025-02-20T10:18:08.527+0000] {python.py:183} INFO - Done. Returned value was: None
[2025-02-20T10:18:08.542+0000] {taskinstance.py:1373} INFO - Marking task as SUCCESS. dag_id=api_to_snowflake, task_id=load_data_to_snowflake, execution_date=20250219T101552, start_date=20250220T101627, end_date=20250220T101808
[2025-02-20T10:18:08.570+0000] {local_task_job_runner.py:232} INFO - Task exited with return code 0
[2025-02-20T10:18:08.590+0000] {taskinstance.py:2674} INFO - 0 downstream tasks scheduled from follow-on schedule check
